[    1104ms] [LOG] %c Console Ninja extension is connected to Next.js browser, background: rgb(30,30,30); color: rgb(255,213,92) see https://tinyurl.com/2vt8jxzw for more info. @ :0
[    1239ms] [ERROR] Manifest: Line: 1, column: 1, Syntax error. @ http://localhost:3000/manifest.json:0
[    1469ms] [INFO] %cDownload the React DevTools for a better development experience: https://react.dev/link/react-devtools font-weight:bold @ webpack-internal:///(app-pages-browser)/../../node_modules/.pnpm/next@15.5.15_@opentelemetry_def8fc46c0914663bed16e707dd599e8/node_modules/next/dist/compiled/react-dom/cjs/react-dom-client.development.js:25630
[    1638ms] [ERROR] The script resource is behind a redirect, which is disallowed. @ :0
[    1647ms] [ERROR] Manifest: Line: 1, column: 1, Syntax error. @ http://localhost:3000/manifest.json:0
[    4660ms] [WARNING] The resource http://localhost:3000/_next/static/css/app/layout.css?v=1778873803018 was preloaded using link preload but not used within a few seconds from the window's load event. Please make sure it has an appropriate `as` value and it is preloaded intentionally. @ http://localhost:3000/login?callbackUrl=%2Fadmin%2Freport-builder:0
[    4660ms] [WARNING] The resource http://localhost:3000/_next/static/css/app/layout.css?v=1778873803424 was preloaded using link preload but not used within a few seconds from the window's load event. Please make sure it has an appropriate `as` value and it is preloaded intentionally. @ http://localhost:3000/login?callbackUrl=%2Fadmin%2Freport-builder:0
[   21773ms] [LOG] [Fast Refresh] rebuilding @ webpack-internal:///(app-pages-browser)/../../node_modules/.pnpm/next@15.5.15_@opentelemetry_def8fc46c0914663bed16e707dd599e8/node_modules/next/dist/client/dev/hot-reloader/app/hot-reloader-app.js:196
[   23072ms] [LOG] [Fast Refresh] done in 1299ms @ webpack-internal:///(app-pages-browser)/../../node_modules/.pnpm/next@15.5.15_@opentelemetry_def8fc46c0914663bed16e707dd599e8/node_modules/next/dist/client/dev/report-hmr-latency.js:13
[   23492ms] [WARNING] %c%s%c  ⚠ metadataBase property in metadata export is not set for resolving social open graph or twitter images, using "http://localhost:3000". See https://nextjs.org/docs/app/api-reference/functions/generate-metadata#metadatabase background: #e6e6e6;background: light-dark(rgba(0,0,0,0.1), rgba(255,255,255,0.25));color: #000000;color: light-dark(#000000, #ffffff);border-radius: 2px  Server   @ webpack-internal:///(app-pages-browser)/../../node_modules/.pnpm/next@15.5.15_@opentelemetry_def8fc46c0914663bed16e707dd599e8/node_modules/next/dist/compiled/react-server-dom-webpack/cjs/react-server-dom-webpack-client.browser.development.js:3484
[   23914ms] [ERROR] Manifest: Line: 1, column: 1, Syntax error. @ http://localhost:3000/manifest.json:0
[   25186ms] [LOG] [Fast Refresh] rebuilding @ webpack-internal:///(app-pages-browser)/../../node_modules/.pnpm/next@15.5.15_@opentelemetry_def8fc46c0914663bed16e707dd599e8/node_modules/next/dist/client/dev/hot-reloader/app/hot-reloader-app.js:196
[   25786ms] [LOG] [Fast Refresh] done in 600ms @ webpack-internal:///(app-pages-browser)/../../node_modules/.pnpm/next@15.5.15_@opentelemetry_def8fc46c0914663bed16e707dd599e8/node_modules/next/dist/client/dev/report-hmr-latency.js:13
[   25900ms] [LOG] [Fast Refresh] rebuilding @ webpack-internal:///(app-pages-browser)/../../node_modules/.pnpm/next@15.5.15_@opentelemetry_def8fc46c0914663bed16e707dd599e8/node_modules/next/dist/client/dev/hot-reloader/app/hot-reloader-app.js:196
[   26910ms] [LOG] [Fast Refresh] done in 1009ms @ webpack-internal:///(app-pages-browser)/../../node_modules/.pnpm/next@15.5.15_@opentelemetry_def8fc46c0914663bed16e707dd599e8/node_modules/next/dist/client/dev/report-hmr-latency.js:13
[   27053ms] [WARNING] %c%s%c  ⚠ metadataBase property in metadata export is not set for resolving social open graph or twitter images, using "http://localhost:3000". See https://nextjs.org/docs/app/api-reference/functions/generate-metadata#metadatabase background: #e6e6e6;background: light-dark(rgba(0,0,0,0.1), rgba(255,255,255,0.25));color: #000000;color: light-dark(#000000, #ffffff);border-radius: 2px  Server   @ webpack-internal:///(app-pages-browser)/../../node_modules/.pnpm/next@15.5.15_@opentelemetry_def8fc46c0914663bed16e707dd599e8/node_modules/next/dist/compiled/react-server-dom-webpack/cjs/react-server-dom-webpack-client.browser.development.js:3484
[   27981ms] [ERROR] Manifest: Line: 1, column: 1, Syntax error. @ http://localhost:3000/manifest.json:0
[   32037ms] [WARNING] The resource http://localhost:3000/_next/static/css/app/layout.css?v=1778873803018 was preloaded using link preload but not used within a few seconds from the window's load event. Please make sure it has an appropriate `as` value and it is preloaded intentionally. @ http://localhost:3000/admin/dashboard:0
[   32037ms] [WARNING] The resource http://localhost:3000/_next/static/css/app/layout.css?v=1778873803424 was preloaded using link preload but not used within a few seconds from the window's load event. Please make sure it has an appropriate `as` value and it is preloaded intentionally. @ http://localhost:3000/admin/dashboard:0
[   32037ms] [WARNING] The resource http://localhost:3000/_next/static/css/app/layout.css?v=1778873829333 was preloaded using link preload but not used within a few seconds from the window's load event. Please make sure it has an appropriate `as` value and it is preloaded intentionally. @ http://localhost:3000/admin/dashboard:0
[   32037ms] [WARNING] The resource http://localhost:3000/_next/static/css/app/layout.css?v=1778873825707 was preloaded using link preload but not used within a few seconds from the window's load event. Please make sure it has an appropriate `as` value and it is preloaded intentionally. @ http://localhost:3000/admin/dashboard:0
[   42828ms] [LOG] [Fast Refresh] rebuilding @ webpack-internal:///(app-pages-browser)/../../node_modules/.pnpm/next@15.5.15_@opentelemetry_def8fc46c0914663bed16e707dd599e8/node_modules/next/dist/client/dev/hot-reloader/app/hot-reloader-app.js:196
[   43731ms] [LOG] [Fast Refresh] done in 903ms @ webpack-internal:///(app-pages-browser)/../../node_modules/.pnpm/next@15.5.15_@opentelemetry_def8fc46c0914663bed16e707dd599e8/node_modules/next/dist/client/dev/report-hmr-latency.js:13
[   43950ms] [WARNING] %c%s%c  ⚠ metadataBase property in metadata export is not set for resolving social open graph or twitter images, using "http://localhost:3000". See https://nextjs.org/docs/app/api-reference/functions/generate-metadata#metadatabase background: #e6e6e6;background: light-dark(rgba(0,0,0,0.1), rgba(255,255,255,0.25));color: #000000;color: light-dark(#000000, #ffffff);border-radius: 2px  Server   @ webpack-internal:///(app-pages-browser)/../../node_modules/.pnpm/next@15.5.15_@opentelemetry_def8fc46c0914663bed16e707dd599e8/node_modules/next/dist/compiled/react-server-dom-webpack/cjs/react-server-dom-webpack-client.browser.development.js:3484
[   44291ms] [ERROR] Manifest: Line: 1, column: 1, Syntax error. @ http://localhost:3000/manifest.json:0
[   47292ms] [WARNING] The resource http://localhost:3000/_next/static/css/app/layout.css?v=1778873803018 was preloaded using link preload but not used within a few seconds from the window's load event. Please make sure it has an appropriate `as` value and it is preloaded intentionally. @ http://localhost:3000/admin/dashboard:0
[   47292ms] [WARNING] The resource http://localhost:3000/_next/static/css/app/layout.css?v=1778873846077 was preloaded using link preload but not used within a few seconds from the window's load event. Please make sure it has an appropriate `as` value and it is preloaded intentionally. @ http://localhost:3000/admin/dashboard:0
[   47292ms] [WARNING] The resource http://localhost:3000/_next/static/css/app/layout.css?v=1778873803424 was preloaded using link preload but not used within a few seconds from the window's load event. Please make sure it has an appropriate `as` value and it is preloaded intentionally. @ http://localhost:3000/admin/dashboard:0
[   47292ms] [WARNING] The resource http://localhost:3000/_next/static/css/app/layout.css?v=1778873829333 was preloaded using link preload but not used within a few seconds from the window's load event. Please make sure it has an appropriate `as` value and it is preloaded intentionally. @ http://localhost:3000/admin/dashboard:0
[   47292ms] [WARNING] The resource http://localhost:3000/_next/static/css/app/layout.css?v=1778873825707 was preloaded using link preload but not used within a few seconds from the window's load event. Please make sure it has an appropriate `as` value and it is preloaded intentionally. @ http://localhost:3000/admin/dashboard:0
[   50294ms] [LOG] [Fast Refresh] rebuilding @ webpack-internal:///(app-pages-browser)/../../node_modules/.pnpm/next@15.5.15_@opentelemetry_def8fc46c0914663bed16e707dd599e8/node_modules/next/dist/client/dev/hot-reloader/app/hot-reloader-app.js:196
